{"level":"error","message":"Path /api/train/12403 not found","service":"user-service"}
{"level":"error","message":"Path /api/train/12403 not found","service":"user-service"}
{"level":"error","message":"Path /api/train/12403 not found","service":"user-service"}
{"level":"error","message":"Path /getTrain/?trainNo=12403 not found","service":"user-service"}
{"level":"error","message":"Path /getTrain/?trainNo=12403 not found","service":"user-service"}
{"level":"error","message":"Path /getTrain/?trainNo=12403 not found","service":"user-service"}
{"level":"error","message":"Path /getTrain/?trainNo=12403 not found","service":"user-service"}
{"level":"error","message":"Path /getTrain/?trainNo=12403 not found","service":"user-service"}
{"level":"error","message":"Path /getTrain/?trainNo=12403 not found","service":"user-service"}
{"level":"error","message":"Path /getTrain/?trainNo=12403 not found","service":"user-service"}
{"level":"error","message":"Path /getTrain/?trainNo=12403 not found","service":"user-service"}
{"level":"error","message":"Path /getTrain/?trainNo=12403 not found","service":"user-service"}
{"level":"error","message":"Path /getTrain/?trainNo=12403 not found","service":"user-service"}
{"level":"error","message":"Path /getTrain/?trainNo=12403 not found","service":"user-service"}
{"level":"error","message":"Path /getTrain/?trainNo=12403 not found","service":"user-service"}
{"level":"error","message":"Path /getTrain/?trainNo=12403 not found","service":"user-service"}
{"level":"error","message":"Path /getTrain/?trainNo=12403 not found","service":"user-service"}
{"level":"error","message":"Path /getTrain/?trainNo=12403 not found","service":"user-service"}
{"level":"error","message":"Path /getTrain/?trainNo=12403 not found","service":"user-service"}
{"level":"error","message":"Path /getTrain/?trainNo=12403 not found","service":"user-service"}
{"level":"error","message":"Path /getTrain/?trainNo=12403 not found","service":"user-service"}
{"level":"error","message":"Path /getTrain/?trainNo=12403 not found","service":"user-service"}
{"level":"error","message":"[getTrainInformation] trainNo: 20403, error: ","service":"user-service"}
{"level":"error","message":"[getTrainInformation] trainNo: 20403, error: ","service":"user-service"}
{"level":"error","message":"[getTrainInformation] trainNo: 12345, error: ","service":"user-service"}
{"level":"error","message":"[getTrainInformation] trainNo: 12345, error: ","service":"user-service"}
{"level":"error","message":"[getTrainInformation] trainNo: 20404, error: ","service":"user-service"}
{"level":"error","message":"[getTrainInformation] trainNo: 12403, error: ","service":"user-service"}
{"level":"error","message":"[getTrainInformation] trainNo: 12403, error: ","service":"user-service"}
{"level":"error","message":"[getTrainInformation] trainNo: 12403, error: ","service":"user-service"}
{"level":"error","message":"[getTrainInformation] trainNo: 12403, error: ","service":"user-service"}
{"level":"error","message":"[getTrainInformation] trainNo: 12403, error: ","service":"user-service"}
{"level":"error","message":"[getTrainInformation] trainNo: 12403, error: ","service":"user-service"}
{"level":"error","message":"[getTrainInformation] trainNo: 12403, error: connect ETIMEDOUT 15.188.236.44:443","service":"user-service"}
{"level":"error","message":"Path /favicon.ico not found","service":"user-service"}
{"level":"error","message":"[getTrainInformation] trainNo: 12403, error: connect ETIMEDOUT 15.188.236.44:443","service":"user-service"}
{"level":"error","message":"[getTrainInformation] trainNo: 12403, error: ","service":"user-service"}
{"level":"error","message":"[getTrainInformation] trainNo: 12403, error: ","service":"user-service"}
{"level":"error","message":"[getTrainInformation] trainNo: 12403, error: ","service":"user-service"}
{"level":"error","message":"[getTrainInformation] trainNo: 12403, error: ","service":"user-service"}
{"level":"error","message":"[getTrainInformation] trainNo: 12403, error: ","service":"user-service"}
{"level":"error","message":"[getTrainInformation] trainNo: 12403, error: ","service":"user-service"}
{"level":"error","message":"[getTrainInformation] trainNo: 12403, error: ","service":"user-service"}
{"level":"error","message":"[getTrainInformation] trainNo: 12403, error: ","service":"user-service"}
{"level":"error","message":"[getTrainInformation] trainNo: 12403, error: ","service":"user-service"}
{"level":"error","message":"[getTrainInformation] trainNo: 12403, error: ","service":"user-service"}
{"level":"error","message":"[getTrainInformation] trainNo: 12403, error: ","service":"user-service"}
{"level":"error","message":"[getTrainInformation] trainNo: 12403, error: ","service":"user-service"}
{"level":"error","message":"[getTrainInformation] trainNo: 12403, error: ","service":"user-service"}
{"level":"error","message":"[getTrainInformation] trainNo: 12403, error: ","service":"user-service"}
{"level":"error","message":"[getTrainInformation] trainNo: 12345, error: getaddrinfo ENOTFOUND indian-railway-api.cyclic.app","service":"user-service"}
{"level":"error","message":"[getTrainInformation] trainNo: 12345, error: getaddrinfo ENOTFOUND indian-railway-api.cyclic.app","service":"user-service"}
{"level":"error","message":"[getTrainInformation] trainNo: 12345, error: getaddrinfo ENOTFOUND indian-railway-api.cyclic.app","service":"user-service"}
{"level":"error","message":"[getTrainInformation] trainNo: 12345, error: getaddrinfo ENOTFOUND indian-railway-api.cyclic.app","service":"user-service"}
{"level":"error","message":"[getTrainInformation] trainNo: 12345, error: getaddrinfo ENOTFOUND indian-railway-api.cyclic.app","service":"user-service"}
{"level":"error","message":"[getTrainInformation] trainNo: 12345, error: getaddrinfo ENOTFOUND indian-railway-api.cyclic.app","service":"user-service"}
{"level":"error","message":"[getTrainInformation] trainNo: 12345, error: getaddrinfo ENOTFOUND indian-railway-api.cyclic.app","service":"user-service"}
{"level":"error","message":"[getTrainInformation] trainNo: 12345, error: getaddrinfo ENOTFOUND indian-railway-api.cyclic.app","service":"user-service"}
{"level":"error","message":"[getTrainInformation] trainNo: 12345, error: getaddrinfo ENOTFOUND indian-railway-api.cyclic.app","service":"user-service"}
{"level":"error","message":"[getTrainInformation] trainNo: 12345, error: getaddrinfo ENOTFOUND indian-railway-api.cyclic.app","service":"user-service"}
{"level":"error","message":"[getTrainInformation] trainNo: 34567, error: getaddrinfo ENOTFOUND indian-railway-api.cyclic.app","service":"user-service"}
{"level":"error","message":"[getTrainInformation] trainNo: 34567, error: getaddrinfo ENOTFOUND indian-railway-api.cyclic.app","service":"user-service"}
{"level":"error","message":"[getTrainInformation] trainNo: 34567, error: getaddrinfo ENOTFOUND indian-railway-api.cyclic.app","service":"user-service"}
{"level":"error","message":"[getTrainInformation] trainNo: 34567, error: getaddrinfo ENOTFOUND indian-railway-api.cyclic.app","service":"user-service"}
{"level":"error","message":"[getRoute] trainNo: undefined, error: getaddrinfo ENOTFOUND indian-railway-api.cyclic.app","service":"user-service"}
{"level":"error","message":"[getRoute] trainNo: undefined, error: getaddrinfo ENOTFOUND indian-railway-api.cyclic.app","service":"user-service"}
{"level":"error","message":"[getRoute] trainNo: undefined, error: getaddrinfo ENOTFOUND indian-railway-api.cyclic.app","service":"user-service"}
{"level":"error","message":"[getRoute] trainNo: undefined, error: getaddrinfo ENOTFOUND indian-railway-api.cyclic.app","service":"user-service"}
{"level":"error","message":"[getRoute] trainNo: undefined, error: getaddrinfo ENOTFOUND indian-railway-api.cyclic.app","service":"user-service"}
{"level":"error","message":"[getRoute] trainNo: undefined, error: getaddrinfo ENOTFOUND indian-railway-api.cyclic.app","service":"user-service"}
{"level":"error","message":"[getRoute] trainNo: undefined, error: getaddrinfo ENOTFOUND indian-railway-api.cyclic.app","service":"user-service"}
{"level":"error","message":"[getRoute] trainNo: 12345, error: getaddrinfo ENOTFOUND indian-railway-api.cyclic.app","service":"user-service"}
{"level":"error","message":"[getRoute] trainNo: 12345, error: getaddrinfo ENOTFOUND indian-railway-api.cyclic.app","service":"user-service"}
{"level":"error","message":"[getRoute] trainNo: 12345, error: getaddrinfo ENOTFOUND indian-railway-api.cyclic.app","service":"user-service"}
{"level":"error","message":"[getRoute] trainNo: 12345, error: getaddrinfo ENOTFOUND indian-railway-api.cyclic.app","service":"user-service"}
{"level":"error","message":"[getRoute] trainNo: undefined, error: getaddrinfo ENOTFOUND indian-railway-api.cyclic.app","service":"user-service"}
{"level":"error","message":"[getRoute] trainNo: undefined, error: getaddrinfo ENOTFOUND indian-railway-api.cyclic.app","service":"user-service"}
